<?xml version="1.0" encoding="UTF-8"?>
<!-- Generated by org.testng.reporters.JUnitXMLReporter -->
<testsuite ignored="0" hostname="DESKTOP-TF96RV1" failures="0" tests="3" name="Test" time="93.797" errors="0" timestamp="2020-03-18T20:54:42 IST">
  <testcase classname="Academy.HomePage" name="basePageNavigation" time="30.991"/>
  <testcase classname="Academy.HomePage" name="basePageNavigation" time="29.199"/>
  <testcase classname="Academy.LandingPageTest" name="ValidateText" time="33.398"/>
</testsuite> <!-- Test -->
