<?xml version="1.0" encoding="UTF-8"?>
<!-- Generated by org.testng.reporters.JUnitXMLReporter -->
<testsuite hostname="DESKTOP-TF96RV1" ignored="0" name="Test" tests="3" failures="0" timestamp="2020-03-19T12:19:23 IST" time="118.614" errors="0">
  <testcase name="basePageNavigation" time="52.849" classname="Academy.HomePage"/>
  <testcase name="basePageNavigation" time="42.884" classname="Academy.HomePage"/>
  <testcase name="ValidateText" time="0.148" classname="Academy.LandingPageTest"/>
</testsuite> <!-- Test -->
