<?xml version="1.0" encoding="UTF-8"?>
<testng-results skipped="0" failed="0" ignored="0" total="3" passed="3">
  <reporter-output>
  </reporter-output>
  <suite name="Suite" duration-ms="118614" started-at="2020-03-19T12:17:22 IST" finished-at="2020-03-19T12:19:21 IST">
    <groups>
    </groups>
    <test name="Test" duration-ms="118614" started-at="2020-03-19T12:17:22 IST" finished-at="2020-03-19T12:19:21 IST">
      <class name="Academy.HomePage">
        <test-method status="PASS" signature="basePageNavigation(java.lang.String, java.lang.String)[pri:0, instance:Academy.HomePage@3745e5c6]" name="basePageNavigation" duration-ms="52849" started-at="2020-03-19T12:17:42 IST" data-provider="getData" finished-at="2020-03-19T12:18:35 IST">
          <params>
            <param index="0">
              <value>
                <![CDATA[Set1@gmail.com]]>
              </value>
            </param>
            <param index="1">
              <value>
                <![CDATA[Set1password]]>
              </value>
            </param>
          </params>
          <reporter-output>
          </reporter-output>
        </test-method> <!-- basePageNavigation -->
        <test-method status="PASS" signature="basePageNavigation(java.lang.String, java.lang.String)[pri:0, instance:Academy.HomePage@3745e5c6]" name="basePageNavigation" duration-ms="42884" started-at="2020-03-19T12:18:35 IST" data-provider="getData" finished-at="2020-03-19T12:19:18 IST">
          <params>
            <param index="0">
              <value>
                <![CDATA[Set2@gmail.com]]>
              </value>
            </param>
            <param index="1">
              <value>
                <![CDATA[Set2password]]>
              </value>
            </param>
          </params>
          <reporter-output>
          </reporter-output>
        </test-method> <!-- basePageNavigation -->
        <test-method status="PASS" signature="teardown()[pri:0, instance:Academy.HomePage@3745e5c6]" name="teardown" is-config="true" duration-ms="1285" started-at="2020-03-19T12:19:18 IST" finished-at="2020-03-19T12:19:20 IST">
          <reporter-output>
          </reporter-output>
        </test-method> <!-- teardown -->
      </class> <!-- Academy.HomePage -->
      <class name="Academy.LandingPageTest">
        <test-method status="PASS" signature="initialize()[pri:0, instance:Academy.LandingPageTest@60611244]" name="initialize" is-config="true" duration-ms="19868" started-at="2020-03-19T12:17:22 IST" finished-at="2020-03-19T12:17:42 IST">
          <reporter-output>
          </reporter-output>
        </test-method> <!-- initialize -->
        <test-method status="PASS" signature="ValidateText()[pri:0, instance:Academy.LandingPageTest@60611244]" name="ValidateText" duration-ms="148" started-at="2020-03-19T12:19:18 IST" finished-at="2020-03-19T12:19:18 IST">
          <reporter-output>
          </reporter-output>
        </test-method> <!-- ValidateText -->
        <test-method status="PASS" signature="teardown()[pri:0, instance:Academy.LandingPageTest@60611244]" name="teardown" is-config="true" duration-ms="1312" started-at="2020-03-19T12:19:20 IST" finished-at="2020-03-19T12:19:21 IST">
          <reporter-output>
          </reporter-output>
        </test-method> <!-- teardown -->
      </class> <!-- Academy.LandingPageTest -->
    </test> <!-- Test -->
  </suite> <!-- Suite -->
</testng-results>
