<?xml version="1.0" encoding="UTF-8"?>
<testng-results ignored="0" total="3" passed="3" failed="0" skipped="0">
  <reporter-output>
  </reporter-output>
  <suite started-at="2020-03-18T20:53:08 IST" name="Suite" finished-at="2020-03-18T20:54:42 IST" duration-ms="93797">
    <groups>
    </groups>
    <test started-at="2020-03-18T20:53:08 IST" name="Test" finished-at="2020-03-18T20:54:42 IST" duration-ms="93797">
      <class name="Academy.HomePage">
        <test-method signature="basePageNavigation(java.lang.String, java.lang.String)[pri:0, instance:Academy.HomePage@4f67eb2a]" started-at="2020-03-18T20:53:08 IST" name="basePageNavigation" data-provider="getData" finished-at="2020-03-18T20:53:39 IST" duration-ms="30991" status="PASS">
          <params>
            <param index="0">
              <value>
                <![CDATA[Set1@gmail.com]]>
              </value>
            </param>
            <param index="1">
              <value>
                <![CDATA[Set1password]]>
              </value>
            </param>
          </params>
          <reporter-output>
          </reporter-output>
        </test-method> <!-- basePageNavigation -->
        <test-method signature="basePageNavigation(java.lang.String, java.lang.String)[pri:0, instance:Academy.HomePage@4f67eb2a]" started-at="2020-03-18T20:53:39 IST" name="basePageNavigation" data-provider="getData" finished-at="2020-03-18T20:54:08 IST" duration-ms="29199" status="PASS">
          <params>
            <param index="0">
              <value>
                <![CDATA[Set2@gmail.com]]>
              </value>
            </param>
            <param index="1">
              <value>
                <![CDATA[Set2password]]>
              </value>
            </param>
          </params>
          <reporter-output>
          </reporter-output>
        </test-method> <!-- basePageNavigation -->
      </class> <!-- Academy.HomePage -->
      <class name="Academy.LandingPageTest">
        <test-method signature="ValidateText()[pri:0, instance:Academy.LandingPageTest@4a668b6e]" started-at="2020-03-18T20:54:08 IST" name="ValidateText" finished-at="2020-03-18T20:54:42 IST" duration-ms="33398" status="PASS">
          <reporter-output>
          </reporter-output>
        </test-method> <!-- ValidateText -->
      </class> <!-- Academy.LandingPageTest -->
    </test> <!-- Test -->
  </suite> <!-- Suite -->
</testng-results>
